<?xml version="1.0" encoding="UTF-8"?>
<!-- Generated by org.testng.reporters.JUnitReportReporter -->
<testsuite skipped="0" hostname="Assels-MBP.fios-router.home" name="com.testcases.LoginPageTest" tests="2" failures="0" timestamp="2020-01-19T12:47:12 EST" time="15.227" errors="0">
  <testcase name="negativeLogin" time="7.962" classname="com.testcases.LoginPageTest"/>
  <testcase name="login" time="7.265" classname="com.testcases.LoginPageTest"/>
</testsuite> <!-- com.testcases.LoginPageTest -->
