<?xml version="1.0" encoding="UTF-8"?>
<!-- Generated by org.testng.reporters.JUnitReportReporter -->
<testsuite skipped="0" hostname="Assels-MBP.fios-router.home" name="com.practice.PropertyFileReading" tests="1" failures="0" timestamp="2020-01-19T15:18:57 EST" time="0.014" errors="0">
  <testcase name="read" time="0.014" classname="com.practice.PropertyFileReading"/>
</testsuite> <!-- com.practice.PropertyFileReading -->
